<?xml version="1.0" encoding="UTF-8"?>
<!-- Generated by org.testng.reporters.JUnitXMLReporter -->
<testsuite hostname="MuttuPC" ignored="0" name="Test" tests="2" failures="2" timestamp="06 Jan 2018 03:19:41 GMT" time="247.648" errors="0">
  <testcase name="main" time="116.737" classname="practice.NaukriLoginTest">
    <failure type="org.openqa.selenium.interactions.MoveTargetOutOfBoundsException" message="(1127, -1145) is out of bounds of viewport width (1366) and height (666)
Build info: version: &amp;apos;3.4.0&amp;apos;, revision: &amp;apos;unknown&amp;apos;, time: &amp;apos;unknown&amp;apos;
System info: host: &amp;apos;MUTTUPC&amp;apos;, ip: &amp;apos;192.168.253.1&amp;apos;, os.name: &amp;apos;Windows 10&amp;apos;, os.arch: &amp;apos;amd64&amp;apos;, os.version: &amp;apos;10.0&amp;apos;, java.version: &amp;apos;1.8.0_131&amp;apos;
Driver info: org.openqa.selenium.firefox.FirefoxDriver
Capabilities [{moz:profile=C:\Users\muttu\AppData\Local\Temp\rust_mozprofile.pec8jW8b8fSf, rotatable=false, timeouts={implicit=0.0, pageLoad=300000.0, script=30000.0}, pageLoadStrategy=normal, moz:headless=false, platform=ANY, moz:accessibilityChecks=false, acceptInsecureCerts=false, browserVersion=57.0.3, platformVersion=10.0, moz:processID=13544.0, browserName=firefox, javascriptEnabled=true, platformName=windows_nt, moz:webdriverClick=false}]
Session ID: 730f21a9-068c-4b67-95cd-cc036080b3a7">
      <![CDATA[org.openqa.selenium.interactions.MoveTargetOutOfBoundsException: (1127, -1145) is out of bounds of viewport width (1366) and height (666)Build info: version: '3.4.0', revision: 'unknown', time: 'unknown'System info: host: 'MUTTUPC', ip: '192.168.253.1', os.name: 'Windows 10', os.arch: 'amd64', os.version: '10.0', java.version: '1.8.0_131'Driver info: org.openqa.selenium.firefox.FirefoxDriverCapabilities [{moz:profile=C:\Users\muttu\AppData\Local\Temp\rust_mozprofile.pec8jW8b8fSf, rotatable=false, timeouts={implicit=0.0, pageLoad=300000.0, script=30000.0}, pageLoadStrategy=normal, moz:headless=false, platform=ANY, moz:accessibilityChecks=false, acceptInsecureCerts=false, browserVersion=57.0.3, platformVersion=10.0, moz:processID=13544.0, browserName=firefox, javascriptEnabled=true, platformName=windows_nt, moz:webdriverClick=false}]Session ID: 730f21a9-068c-4b67-95cd-cc036080b3a7at org.openqa.selenium.remote.http.W3CHttpResponseCodec.createException(W3CHttpResponseCodec.java:150)at org.openqa.selenium.remote.http.W3CHttpResponseCodec.decode(W3CHttpResponseCodec.java:115)at org.openqa.selenium.remote.http.W3CHttpResponseCodec.decode(W3CHttpResponseCodec.java:45)at org.openqa.selenium.remote.HttpCommandExecutor.execute(HttpCommandExecutor.java:164)at org.openqa.selenium.remote.service.DriverCommandExecutor.execute(DriverCommandExecutor.java:82)at org.openqa.selenium.remote.RemoteWebDriver.execute(RemoteWebDriver.java:637)at org.openqa.selenium.remote.RemoteWebDriver.perform(RemoteWebDriver.java:703)at org.openqa.selenium.interactions.Actions$BuiltAction.perform(Actions.java:631)at org.openqa.selenium.interactions.Actions.perform(Actions.java:593)at practice.NaukriLogin.main(NaukriLogin.java:74)at practice.NaukriLoginTest.main(NaukriLoginTest.java:14)... Removed 29 stack frames]]>
    </failure>
  </testcase> <!-- main -->
  <testcase name="main" time="130.752" classname="practice.MonsterLoginTest">
    <failure type="org.openqa.selenium.WebDriverException" message="Failed to decode response from marionette
Build info: version: &amp;apos;3.4.0&amp;apos;, revision: &amp;apos;unknown&amp;apos;, time: &amp;apos;unknown&amp;apos;
System info: host: &amp;apos;MUTTUPC&amp;apos;, ip: &amp;apos;192.168.253.1&amp;apos;, os.name: &amp;apos;Windows 10&amp;apos;, os.arch: &amp;apos;amd64&amp;apos;, os.version: &amp;apos;10.0&amp;apos;, java.version: &amp;apos;1.8.0_131&amp;apos;
Driver info: org.openqa.selenium.firefox.FirefoxDriver
Capabilities [{moz:profile=C:\Users\muttu\AppData\Local\Temp\rust_mozprofile.qUSfJoEMOhY4, rotatable=false, timeouts={implicit=0.0, pageLoad=300000.0, script=30000.0}, pageLoadStrategy=normal, moz:headless=false, platform=ANY, moz:accessibilityChecks=false, acceptInsecureCerts=false, browserVersion=57.0.3, platformVersion=10.0, moz:processID=3372.0, browserName=firefox, javascriptEnabled=true, platformName=windows_nt, moz:webdriverClick=false}]
Session ID: 06540446-0551-446e-ab3f-036997d88577
*** Element info: {Using=xpath, value=//a[@href=&amp;apos;http://my.monsterindia.com/view_resume.html#u_resume&amp;apos;]}">
      <![CDATA[org.openqa.selenium.WebDriverException: Failed to decode response from marionetteBuild info: version: '3.4.0', revision: 'unknown', time: 'unknown'System info: host: 'MUTTUPC', ip: '192.168.253.1', os.name: 'Windows 10', os.arch: 'amd64', os.version: '10.0', java.version: '1.8.0_131'Driver info: org.openqa.selenium.firefox.FirefoxDriverCapabilities [{moz:profile=C:\Users\muttu\AppData\Local\Temp\rust_mozprofile.qUSfJoEMOhY4, rotatable=false, timeouts={implicit=0.0, pageLoad=300000.0, script=30000.0}, pageLoadStrategy=normal, moz:headless=false, platform=ANY, moz:accessibilityChecks=false, acceptInsecureCerts=false, browserVersion=57.0.3, platformVersion=10.0, moz:processID=3372.0, browserName=firefox, javascriptEnabled=true, platformName=windows_nt, moz:webdriverClick=false}]Session ID: 06540446-0551-446e-ab3f-036997d88577*** Element info: {Using=xpath, value=//a[@href='http://my.monsterindia.com/view_resume.html#u_resume']}at org.openqa.selenium.remote.http.W3CHttpResponseCodec.createException(W3CHttpResponseCodec.java:150)at org.openqa.selenium.remote.http.W3CHttpResponseCodec.decode(W3CHttpResponseCodec.java:115)at org.openqa.selenium.remote.http.W3CHttpResponseCodec.decode(W3CHttpResponseCodec.java:45)at org.openqa.selenium.remote.HttpCommandExecutor.execute(HttpCommandExecutor.java:164)at org.openqa.selenium.remote.service.DriverCommandExecutor.execute(DriverCommandExecutor.java:82)at org.openqa.selenium.remote.RemoteWebDriver.execute(RemoteWebDriver.java:637)at org.openqa.selenium.remote.RemoteWebDriver.findElements(RemoteWebDriver.java:437)at org.openqa.selenium.remote.RemoteWebDriver.findElementsByXPath(RemoteWebDriver.java:513)at org.openqa.selenium.By$ByXPath.findElements(By.java:356)at org.openqa.selenium.remote.RemoteWebDriver.findElements(RemoteWebDriver.java:398)at org.openqa.selenium.support.ui.ExpectedConditions.findElement(ExpectedConditions.java:882)at org.openqa.selenium.support.ui.ExpectedConditions.access$000(ExpectedConditions.java:44)at org.openqa.selenium.support.ui.ExpectedConditions$6.apply(ExpectedConditions.java:183)at org.openqa.selenium.support.ui.ExpectedConditions$6.apply(ExpectedConditions.java:180)at org.openqa.selenium.support.ui.FluentWait.until(FluentWait.java:209)at practice.MonsterLogin.main(MonsterLogin.java:47)at practice.MonsterLoginTest.main(MonsterLoginTest.java:14)... Removed 29 stack frames]]>
    </failure>
  </testcase> <!-- main -->
</testsuite> <!-- Test -->
